#
# A fatal error has been detected by the Java Runtime Environment:
#
#  EXCEPTION_ACCESS_VIOLATION (0xc0000005) at pc=0x00007ffc97bcebc5, pid=6448, tid=1868
#
# JRE version: OpenJDK Runtime Environment (16.0.1+9) (build 16.0.1+9-24)
# Java VM: OpenJDK 64-Bit Server VM (16.0.1+9-24, mixed mode, tiered, compressed oops, compressed class ptrs, g1 gc, windows-amd64)
# Problematic frame:
# V  [jvm.dll+0x60ebc5]
#
# No core dump will be written. Minidumps are not enabled by default on client versions of Windows
#
# If you would like to submit a bug report, please visit:
#   https://bugreport.java.com/bugreport/crash.jsp
#

---------------  S U M M A R Y ------------

Command Line: -XX:+ShowCodeDetailsInExceptionMessages -agentlib:jdwp=transport=dt_socket,suspend=y,address=localhost:54000 -javaagent:C:\Users\kosmo_A\eclipse\java-2020-12\eclipse\configuration\org.eclipse.osgi\589\0\.cp\lib\javaagent-shaded.jar -Dfile.encoding=MS949 arraylist.Q3

Host: Intel(R) Core(TM) i5-10400F CPU @ 2.90GHz, 12 cores, 31G,  Windows 10 , 64 bit Build 19041 (10.0.19041.1023)
Time: Fri Jul  2 15:29:19 2021  Windows 10 , 64 bit Build 19041 (10.0.19041.1023) elapsed time: 1392.816489 seconds (0d 0h 23m 12s)

---------------  T H R E A D  ---------------

Current thread (0x000001f21415d930):  VMThread "VM Thread" [stack: 0x00000040d3900000,0x00000040d3a00000] [id=1868]

Stack: [0x00000040d3900000,0x00000040d3a00000],  sp=0x00000040d39ff508,  free space=1021k
Native frames: (J=compiled Java code, j=interpreted, Vv=VM code, C=native code)
V  [jvm.dll+0x60ebc5]


siginfo: EXCEPTION_ACCESS_VIOLATION (0xc0000005), reading address 0x00007fca97e949d8


Register to memory mapping:

RIP=0x00007ffc97bcebc5 jvm.dll
RAX=0x00007fca97e94970 is an unknown value
RBX=0x0 is NULL
RCX=0x000001f215c3a210 is pointing into metadata
RDX=0x000001f26b95a801 points into unknown readable memory: 00 00 00 00 00 00 00
RSP=0x00000040d39ff508 points into unknown readable memory: 0x00007ffc97d3b7fa | fa b7 d3 97 fc 7f 00 00
RBP=0x00007ffc97bcebc0 jvm.dll
RSI=0x000001f26b95a8b0 is a thread
RDI=0x0 is NULL
R8 =0x000001f269691001 points into unknown readable memory: 00 00 00 00 00 00 00
R9 =0x000000007ffee000 points into unknown readable memory: 0x0000000000000001 | 01 00 00 00 00 00 00 00
R10=0x0000000000000001 is an unknown value
R11=0x000000f9f720b96c is an unknown value
R12=0x00007ffc97e63010 jvm.dll
R13=0x00007ffc980d0980 jvm.dll
R14=0x000001f2141590b8 points into unknown readable memory: 0x10201e43ee149d12 | 12 9d 14 ee 43 1e 20 10
R15=0x00000000000003d8 is an unknown value


Registers:
RAX=0x00007fca97e94970, RBX=0x0000000000000000, RCX=0x000001f215c3a210, RDX=0x000001f26b95a801
RSP=0x00000040d39ff508, RBP=0x00007ffc97bcebc0, RSI=0x000001f26b95a8b0, RDI=0x0000000000000000
R8 =0x000001f269691001, R9 =0x000000007ffee000, R10=0x0000000000000001, R11=0x000000f9f720b96c
R12=0x00007ffc97e63010, R13=0x00007ffc980d0980, R14=0x000001f2141590b8, R15=0x00000000000003d8
RIP=0x00007ffc97bcebc5, EFLAGS=0x0000000000010206

Top of Stack: (sp=0x00000040d39ff508)
0x00000040d39ff508:   00007ffc97d3b7fa 0000000000000008
0x00000040d39ff518:   00007ffcd5415ba1 0000000000000000
0x00000040d39ff528:   000000000000001c 000001f21544d8f8
0x00000040d39ff538:   00007ffc97d40eeb 000001f21544d880
0x00000040d39ff548:   00000040d39ff590 000001f214158ce0
0x00000040d39ff558:   00007ffc0000026f 00000040d39ff690
0x00000040d39ff568:   00007ffc97d3daff 0000000000000001
0x00000040d39ff578:   000001f214158ce0 0000000000000001
0x00000040d39ff588:   00007ffc97668716 00007ffc97f0ac70
0x00000040d39ff598:   00007ffc97bcebc0 0000000000000000
0x00000040d39ff5a8:   00007ffc97bcea65 00007ffc97f2f858
0x00000040d39ff5b8:   000001f26b977800 000001f26b9f3e90
0x00000040d39ff5c8:   000001f26b9f3ec0 000001f214158cd0
0x00000040d39ff5d8:   00007ffc97ae5dae 000001f26b9f3e90
0x00000040d39ff5e8:   00000040d45ff5c0 000001f21415d930
0x00000040d39ff5f8:   0000000000000000 0000000000000000 

Instructions: (pc=0x00007ffc97bcebc5)
0x00007ffc97bceac5:   cc cc cc cc cc cc cc cc cc cc cc 48 89 5c 24 18
0x00007ffc97bcead5:   55 48 83 ec 20 48 8b 1d 9f cc 4d 00 48 85 db 74
0x00007ffc97bceae5:   17 48 8b 05 83 cc 4d 00 48 89 83 08 02 00 00 48
0x00007ffc97bceaf5:   89 1d 75 cc 4d 00 eb 07 48 8b 1d 6c cc 4d 00 33
0x00007ffc97bceb05:   ed 48 89 2d 73 cc 4d 00 48 85 db 74 7e 48 89 74
0x00007ffc97bceb15:   24 30 48 89 7c 24 38 0f 1f 40 00 48 8b b3 00 02
0x00007ffc97bceb25:   00 00 48 8b fd 48 2b f3 48 c1 ee 03 48 85 f6 74
0x00007ffc97bceb35:   1e 66 66 0f 1f 84 00 00 00 00 00 48 8b 0c fb 33
0x00007ffc97bceb45:   d2 48 8b 01 ff 50 68 48 ff c7 48 3b fe 72 ec 48
0x00007ffc97bceb55:   8b 8b 08 02 00 00 48 89 ab 08 02 00 00 48 89 9b
0x00007ffc97bceb65:   00 02 00 00 48 8b 05 08 cc 4d 00 48 89 83 10 02
0x00007ffc97bceb75:   00 00 48 89 1d fa cb 4d 00 48 8b d9 48 85 c9 75
0x00007ffc97bceb85:   9a 48 8b 7c 24 38 48 8b 74 24 30 48 8b 5c 24 40
0x00007ffc97bceb95:   48 89 2d d4 cb 4d 00 48 83 c4 20 5d c3 cc cc cc
0x00007ffc97bceba5:   cc cc cc cc cc cc cc cc cc cc cc 48 8b 02 48 8b
0x00007ffc97bcebb5:   ca b2 01 48 ff 60 68 cc cc cc cc 48 8b 01 b2 01
0x00007ffc97bcebc5:   48 ff 60 68 cc cc cc cc cc cc cc 40 53 48 83 ec
0x00007ffc97bcebd5:   20 48 8b 15 a3 cb 4d 00 48 8b d9 48 85 d2 74 21
0x00007ffc97bcebe5:   48 8d 82 00 02 00 00 48 39 00 75 72 48 8b 05 78
0x00007ffc97bcebf5:   cb 4d 00 48 89 82 08 02 00 00 48 89 15 6a cb 4d
0x00007ffc97bcec05:   00 48 8b 15 6b cb 4d 00 48 85 d2 74 10 48 8b 82
0x00007ffc97bcec15:   10 02 00 00 48 89 05 58 cb 4d 00 eb 3a 45 33 c0
0x00007ffc97bcec25:   b9 18 02 00 00 41 8d 50 08 e8 5d 9a a9 ff 48 8b
0x00007ffc97bcec35:   d0 48 85 c0 74 1f 48 89 80 00 02 00 00 48 c7 80
0x00007ffc97bcec45:   08 02 00 00 00 00 00 00 48 c7 80 10 02 00 00 00
0x00007ffc97bcec55:   00 00 00 eb 02 33 d2 48 89 15 1d cb 4d 00 48 8b
0x00007ffc97bcec65:   82 00 02 00 00 48 89 18 48 83 82 00 02 00 00 08
0x00007ffc97bcec75:   48 83 c4 20 5b c3 cc cc cc cc cc 48 89 4c 24 08
0x00007ffc97bcec85:   48 89 54 24 10 4c 89 44 24 18 4c 89 4c 24 20 48
0x00007ffc97bcec95:   83 ec 28 4c 8b c1 4c 8d 4c 24 38 48 8d 0d f9 ca
0x00007ffc97bceca5:   4d 00 ba 01 00 00 00 e8 cf 1e f5 ff 48 83 c4 28
0x00007ffc97bcecb5:   c3 cc cc cc cc cc cc cc cc cc cc 40 55 56 41 54 


Stack slot to memory mapping:
stack at sp + 0 slots: 0x00007ffc97d3b7fa jvm.dll
stack at sp + 1 slots: 0x0000000000000008 is an unknown value
stack at sp + 2 slots: 0x00007ffcd5415ba1 ntdll.dll
stack at sp + 3 slots: 0x0 is NULL
stack at sp + 4 slots: 0x000000000000001c is an unknown value
stack at sp + 5 slots: 0x000001f21544d8f8 points into unknown readable memory: 0x0000000000000000 | 00 00 00 00 00 00 00 00
stack at sp + 6 slots: 0x00007ffc97d40eeb jvm.dll
stack at sp + 7 slots: 0x000001f21544d880 points into unknown readable memory: 0x000001f26b95a8b0 | b0 a8 95 6b f2 01 00 00

VM_Operation (0x00000040d45ff5c0): RedefineClasses, mode: safepoint, requested by thread 0x000001f214fdd670


---------------  P R O C E S S  ---------------

Threads class SMR info:
_java_thread_list=0x000001f215453480, length=15, elements={
0x000001f26b95a8b0, 0x000001f21415e200, 0x000001f214c5a170, 0x000001f214c804f0,
0x000001f214c81000, 0x000001f214c81a00, 0x000001f214c82400, 0x000001f214cb4520,
0x000001f214cbf340, 0x000001f214cc1d90, 0x000001f214e72f90, 0x000001f214fdd670,
0x000001f214fe9500, 0x000001f214fe9a40, 0x000001f215447550
}

Java Threads: ( => current thread )
  0x000001f26b95a8b0 JavaThread "main" [_thread_blocked, id=11784, stack(0x00000040d3300000,0x00000040d3400000)]
  0x000001f21415e200 JavaThread "Reference Handler" daemon [_thread_blocked, id=6204, stack(0x00000040d3a00000,0x00000040d3b00000)]
  0x000001f214c5a170 JavaThread "Finalizer" daemon [_thread_blocked, id=12568, stack(0x00000040d3b00000,0x00000040d3c00000)]
  0x000001f214c804f0 JavaThread "Signal Dispatcher" daemon [_thread_blocked, id=9212, stack(0x00000040d3c00000,0x00000040d3d00000)]
  0x000001f214c81000 JavaThread "Attach Listener" daemon [_thread_blocked, id=7396, stack(0x00000040d3d00000,0x00000040d3e00000)]
  0x000001f214c81a00 JavaThread "Service Thread" daemon [_thread_blocked, id=6944, stack(0x00000040d3e00000,0x00000040d3f00000)]
  0x000001f214c82400 JavaThread "Monitor Deflation Thread" daemon [_thread_blocked, id=12108, stack(0x00000040d3f00000,0x00000040d4000000)]
  0x000001f214cb4520 JavaThread "C2 CompilerThread0" daemon [_thread_blocked, id=9808, stack(0x00000040d4000000,0x00000040d4100000)]
  0x000001f214cbf340 JavaThread "C1 CompilerThread0" daemon [_thread_blocked, id=6936, stack(0x00000040d4100000,0x00000040d4200000)]
  0x000001f214cc1d90 JavaThread "Sweeper thread" daemon [_thread_blocked, id=6192, stack(0x00000040d4200000,0x00000040d4300000)]
  0x000001f214e72f90 JavaThread "Common-Cleaner" daemon [_thread_blocked, id=12628, stack(0x00000040d4300000,0x00000040d4400000)]
  0x000001f214fdd670 JavaThread "JDWP Transport Listener: dt_socket" daemon [_thread_blocked, id=11660, stack(0x00000040d4500000,0x00000040d4600000)]
  0x000001f214fe9500 JavaThread "JDWP Event Helper Thread" daemon [_thread_blocked, id=10688, stack(0x00000040d4600000,0x00000040d4700000)]
  0x000001f214fe9a40 JavaThread "JDWP Command Reader" daemon [_thread_in_native, id=1836, stack(0x00000040d4700000,0x00000040d4800000)]
  0x000001f215447550 JavaThread "Notification Thread" daemon [_thread_blocked, id=7192, stack(0x00000040d4400000,0x00000040d4500000)]

Other Threads:
=>0x000001f21415d930 VMThread "VM Thread" [stack: 0x00000040d3900000,0x00000040d3a00000] [id=1868]
  0x000001f21543d1e0 WatcherThread [stack: 0x00000040d4800000,0x00000040d4900000] [id=8344]
  0x000001f26b9d0610 GCTaskThread "GC Thread#0" [stack: 0x00000040d3400000,0x00000040d3500000] [id=3584]
  0x000001f26b9e1620 ConcurrentGCThread "G1 Main Marker" [stack: 0x00000040d3500000,0x00000040d3600000] [id=12648]
  0x000001f26b9e28b0 ConcurrentGCThread "G1 Conc#0" [stack: 0x00000040d3600000,0x00000040d3700000] [id=10552]
  0x000001f26ba3ebd0 ConcurrentGCThread "G1 Refine#0" [stack: 0x00000040d3700000,0x00000040d3800000] [id=7344]
  0x000001f213fea850 ConcurrentGCThread "G1 Service" [stack: 0x00000040d3800000,0x00000040d3900000] [id=1816]

Threads with active compile tasks:
C1 CompilerThread0  1392829  402       3       org.eclipse.jdt.launching.internal.org.objectweb.asm.ClassReader::readUtf (44 bytes)

VM state: at safepoint (normal execution)

VM Mutex/Monitor currently owned by a thread:  ([mutex/lock_event])
[0x000001f26b956690] Threads_lock - owner thread: 0x000001f21415d930

Heap address: 0x0000000601400000, size: 8172 MB, Compressed Oops mode: Zero based, Oop shift amount: 3

CDS disabled.
Compressed class space mapped at: 0x0000000800000000-0x0000000840000000, reserved size: 1073741824
Narrow klass base: 0x0000000800000000, Narrow klass shift: 0, Narrow klass range: 0x40000000

GC Precious Log:
 CPUs: 12 total, 12 available
 Memory: 32681M
 Large Page Support: Disabled
 NUMA Support: Disabled
 Compressed Oops: Enabled (Zero based)
 Heap Region Size: 4M
 Heap Min Capacity: 8M
 Heap Initial Capacity: 512M
 Heap Max Capacity: 8172M
 Pre-touch: Disabled
 Parallel Workers: 10
 Concurrent Workers: 3
 Concurrent Refinement Workers: 10
 Periodic GC: Disabled

Heap:
 garbage-first heap   total 524288K, used 4096K [0x0000000601400000, 0x0000000800000000)
  region size 4096K, 2 young (8192K), 0 survivors (0K)
 Metaspace       used 9212K, committed 9280K, reserved 1064960K
  class space    used 784K, committed 832K, reserved 1048576K

Heap Regions: E=young(eden), S=young(survivor), O=old, HS=humongous(starts), HC=humongous(continues), CS=collection set, F=free, OA=open archive, CA=closed archive, TAMS=top-at-mark-start (previous, next)
|   0|0x0000000601400000, 0x0000000601400000, 0x0000000601800000|  0%| F|  |TAMS 0x0000000601400000, 0x0000000601400000| Untracked 
|   1|0x0000000601800000, 0x0000000601800000, 0x0000000601c00000|  0%| F|  |TAMS 0x0000000601800000, 0x0000000601800000| Untracked 
|   2|0x0000000601c00000, 0x0000000601c00000, 0x0000000602000000|  0%| F|  |TAMS 0x0000000601c00000, 0x0000000601c00000| Untracked 
|   3|0x0000000602000000, 0x0000000602000000, 0x0000000602400000|  0%| F|  |TAMS 0x0000000602000000, 0x0000000602000000| Untracked 
|   4|0x0000000602400000, 0x0000000602400000, 0x0000000602800000|  0%| F|  |TAMS 0x0000000602400000, 0x0000000602400000| Untracked 
|   5|0x0000000602800000, 0x0000000602800000, 0x0000000602c00000|  0%| F|  |TAMS 0x0000000602800000, 0x0000000602800000| Untracked 
|   6|0x0000000602c00000, 0x0000000602c00000, 0x0000000603000000|  0%| F|  |TAMS 0x0000000602c00000, 0x0000000602c00000| Untracked 
|   7|0x0000000603000000, 0x0000000603000000, 0x0000000603400000|  0%| F|  |TAMS 0x0000000603000000, 0x0000000603000000| Untracked 
|   8|0x0000000603400000, 0x0000000603400000, 0x0000000603800000|  0%| F|  |TAMS 0x0000000603400000, 0x0000000603400000| Untracked 
|   9|0x0000000603800000, 0x0000000603800000, 0x0000000603c00000|  0%| F|  |TAMS 0x0000000603800000, 0x0000000603800000| Untracked 
|  10|0x0000000603c00000, 0x0000000603c00000, 0x0000000604000000|  0%| F|  |TAMS 0x0000000603c00000, 0x0000000603c00000| Untracked 
|  11|0x0000000604000000, 0x0000000604000000, 0x0000000604400000|  0%| F|  |TAMS 0x0000000604000000, 0x0000000604000000| Untracked 
|  12|0x0000000604400000, 0x0000000604400000, 0x0000000604800000|  0%| F|  |TAMS 0x0000000604400000, 0x0000000604400000| Untracked 
|  13|0x0000000604800000, 0x0000000604800000, 0x0000000604c00000|  0%| F|  |TAMS 0x0000000604800000, 0x0000000604800000| Untracked 
|  14|0x0000000604c00000, 0x0000000604c00000, 0x0000000605000000|  0%| F|  |TAMS 0x0000000604c00000, 0x0000000604c00000| Untracked 
|  15|0x0000000605000000, 0x0000000605000000, 0x0000000605400000|  0%| F|  |TAMS 0x0000000605000000, 0x0000000605000000| Untracked 
|  16|0x0000000605400000, 0x0000000605400000, 0x0000000605800000|  0%| F|  |TAMS 0x0000000605400000, 0x0000000605400000| Untracked 
|  17|0x0000000605800000, 0x0000000605800000, 0x0000000605c00000|  0%| F|  |TAMS 0x0000000605800000, 0x0000000605800000| Untracked 
|  18|0x0000000605c00000, 0x0000000605c00000, 0x0000000606000000|  0%| F|  |TAMS 0x0000000605c00000, 0x0000000605c00000| Untracked 
|  19|0x0000000606000000, 0x0000000606000000, 0x0000000606400000|  0%| F|  |TAMS 0x0000000606000000, 0x0000000606000000| Untracked 
|  20|0x0000000606400000, 0x0000000606400000, 0x0000000606800000|  0%| F|  |TAMS 0x0000000606400000, 0x0000000606400000| Untracked 
|  21|0x0000000606800000, 0x0000000606800000, 0x0000000606c00000|  0%| F|  |TAMS 0x0000000606800000, 0x0000000606800000| Untracked 
|  22|0x0000000606c00000, 0x0000000606c00000, 0x0000000607000000|  0%| F|  |TAMS 0x0000000606c00000, 0x0000000606c00000| Untracked 
|  23|0x0000000607000000, 0x0000000607000000, 0x0000000607400000|  0%| F|  |TAMS 0x0000000607000000, 0x0000000607000000| Untracked 
|  24|0x0000000607400000, 0x0000000607400000, 0x0000000607800000|  0%| F|  |TAMS 0x0000000607400000, 0x0000000607400000| Untracked 
|  25|0x0000000607800000, 0x0000000607800000, 0x0000000607c00000|  0%| F|  |TAMS 0x0000000607800000, 0x0000000607800000| Untracked 
|  26|0x0000000607c00000, 0x0000000607c00000, 0x0000000608000000|  0%| F|  |TAMS 0x0000000607c00000, 0x0000000607c00000| Untracked 
|  27|0x0000000608000000, 0x0000000608000000, 0x0000000608400000|  0%| F|  |TAMS 0x0000000608000000, 0x0000000608000000| Untracked 
|  28|0x0000000608400000, 0x0000000608400000, 0x0000000608800000|  0%| F|  |TAMS 0x0000000608400000, 0x0000000608400000| Untracked 
|  29|0x0000000608800000, 0x0000000608800000, 0x0000000608c00000|  0%| F|  |TAMS 0x0000000608800000, 0x0000000608800000| Untracked 
|  30|0x0000000608c00000, 0x0000000608c00000, 0x0000000609000000|  0%| F|  |TAMS 0x0000000608c00000, 0x0000000608c00000| Untracked 
|  31|0x0000000609000000, 0x0000000609000000, 0x0000000609400000|  0%| F|  |TAMS 0x0000000609000000, 0x0000000609000000| Untracked 
|  32|0x0000000609400000, 0x0000000609400000, 0x0000000609800000|  0%| F|  |TAMS 0x0000000609400000, 0x0000000609400000| Untracked 
|  33|0x0000000609800000, 0x0000000609800000, 0x0000000609c00000|  0%| F|  |TAMS 0x0000000609800000, 0x0000000609800000| Untracked 
|  34|0x0000000609c00000, 0x0000000609c00000, 0x000000060a000000|  0%| F|  |TAMS 0x0000000609c00000, 0x0000000609c00000| Untracked 
|  35|0x000000060a000000, 0x000000060a000000, 0x000000060a400000|  0%| F|  |TAMS 0x000000060a000000, 0x000000060a000000| Untracked 
|  36|0x000000060a400000, 0x000000060a400000, 0x000000060a800000|  0%| F|  |TAMS 0x000000060a400000, 0x000000060a400000| Untracked 
|  37|0x000000060a800000, 0x000000060a800000, 0x000000060ac00000|  0%| F|  |TAMS 0x000000060a800000, 0x000000060a800000| Untracked 
|  38|0x000000060ac00000, 0x000000060ac00000, 0x000000060b000000|  0%| F|  |TAMS 0x000000060ac00000, 0x000000060ac00000| Untracked 
|  39|0x000000060b000000, 0x000000060b000000, 0x000000060b400000|  0%| F|  |TAMS 0x000000060b000000, 0x000000060b000000| Untracked 
|  40|0x000000060b400000, 0x000000060b400000, 0x000000060b800000|  0%| F|  |TAMS 0x000000060b400000, 0x000000060b400000| Untracked 
|  41|0x000000060b800000, 0x000000060b800000, 0x000000060bc00000|  0%| F|  |TAMS 0x000000060b800000, 0x000000060b800000| Untracked 
|  42|0x000000060bc00000, 0x000000060bc00000, 0x000000060c000000|  0%| F|  |TAMS 0x000000060bc00000, 0x000000060bc00000| Untracked 
|  43|0x000000060c000000, 0x000000060c000000, 0x000000060c400000|  0%| F|  |TAMS 0x000000060c000000, 0x000000060c000000| Untracked 
|  44|0x000000060c400000, 0x000000060c400000, 0x000000060c800000|  0%| F|  |TAMS 0x000000060c400000, 0x000000060c400000| Untracked 
|  45|0x000000060c800000, 0x000000060c800000, 0x000000060cc00000|  0%| F|  |TAMS 0x000000060c800000, 0x000000060c800000| Untracked 
|  46|0x000000060cc00000, 0x000000060cc00000, 0x000000060d000000|  0%| F|  |TAMS 0x000000060cc00000, 0x000000060cc00000| Untracked 
|  47|0x000000060d000000, 0x000000060d000000, 0x000000060d400000|  0%| F|  |TAMS 0x000000060d000000, 0x000000060d000000| Untracked 
|  48|0x000000060d400000, 0x000000060d400000, 0x000000060d800000|  0%| F|  |TAMS 0x000000060d400000, 0x000000060d400000| Untracked 
|  49|0x000000060d800000, 0x000000060d800000, 0x000000060dc00000|  0%| F|  |TAMS 0x000000060d800000, 0x000000060d800000| Untracked 
|  50|0x000000060dc00000, 0x000000060dc00000, 0x000000060e000000|  0%| F|  |TAMS 0x000000060dc00000, 0x000000060dc00000| Untracked 
|  51|0x000000060e000000, 0x000000060e000000, 0x000000060e400000|  0%| F|  |TAMS 0x000000060e000000, 0x000000060e000000| Untracked 
|  52|0x000000060e400000, 0x000000060e400000, 0x000000060e800000|  0%| F|  |TAMS 0x000000060e400000, 0x000000060e400000| Untracked 
|  53|0x000000060e800000, 0x000000060e800000, 0x000000060ec00000|  0%| F|  |TAMS 0x000000060e800000, 0x000000060e800000| Untracked 
|  54|0x000000060ec00000, 0x000000060ec00000, 0x000000060f000000|  0%| F|  |TAMS 0x000000060ec00000, 0x000000060ec00000| Untracked 
|  55|0x000000060f000000, 0x000000060f000000, 0x000000060f400000|  0%| F|  |TAMS 0x000000060f000000, 0x000000060f000000| Untracked 
|  56|0x000000060f400000, 0x000000060f400000, 0x000000060f800000|  0%| F|  |TAMS 0x000000060f400000, 0x000000060f400000| Untracked 
|  57|0x000000060f800000, 0x000000060f800000, 0x000000060fc00000|  0%| F|  |TAMS 0x000000060f800000, 0x000000060f800000| Untracked 
|  58|0x000000060fc00000, 0x000000060fc00000, 0x0000000610000000|  0%| F|  |TAMS 0x000000060fc00000, 0x000000060fc00000| Untracked 
|  59|0x0000000610000000, 0x0000000610000000, 0x0000000610400000|  0%| F|  |TAMS 0x0000000610000000, 0x0000000610000000| Untracked 
|  60|0x0000000610400000, 0x0000000610400000, 0x0000000610800000|  0%| F|  |TAMS 0x0000000610400000, 0x0000000610400000| Untracked 
|  61|0x0000000610800000, 0x0000000610800000, 0x0000000610c00000|  0%| F|  |TAMS 0x0000000610800000, 0x0000000610800000| Untracked 
|  62|0x0000000610c00000, 0x0000000610c00000, 0x0000000611000000|  0%| F|  |TAMS 0x0000000610c00000, 0x0000000610c00000| Untracked 
|  63|0x0000000611000000, 0x0000000611000000, 0x0000000611400000|  0%| F|  |TAMS 0x0000000611000000, 0x0000000611000000| Untracked 
|  64|0x0000000611400000, 0x0000000611400000, 0x0000000611800000|  0%| F|  |TAMS 0x0000000611400000, 0x0000000611400000| Untracked 
|  65|0x0000000611800000, 0x0000000611800000, 0x0000000611c00000|  0%| F|  |TAMS 0x0000000611800000, 0x0000000611800000| Untracked 
|  66|0x0000000611c00000, 0x0000000611c00000, 0x0000000612000000|  0%| F|  |TAMS 0x0000000611c00000, 0x0000000611c00000| Untracked 
|  67|0x0000000612000000, 0x0000000612000000, 0x0000000612400000|  0%| F|  |TAMS 0x0000000612000000, 0x0000000612000000| Untracked 
|  68|0x0000000612400000, 0x0000000612400000, 0x0000000612800000|  0%| F|  |TAMS 0x0000000612400000, 0x0000000612400000| Untracked 
|  69|0x0000000612800000, 0x0000000612800000, 0x0000000612c00000|  0%| F|  |TAMS 0x0000000612800000, 0x0000000612800000| Untracked 
|  70|0x0000000612c00000, 0x0000000612c00000, 0x0000000613000000|  0%| F|  |TAMS 0x0000000612c00000, 0x0000000612c00000| Untracked 
|  71|0x0000000613000000, 0x0000000613000000, 0x0000000613400000|  0%| F|  |TAMS 0x0000000613000000, 0x0000000613000000| Untracked 
|  72|0x0000000613400000, 0x0000000613400000, 0x0000000613800000|  0%| F|  |TAMS 0x0000000613400000, 0x0000000613400000| Untracked 
|  73|0x0000000613800000, 0x0000000613800000, 0x0000000613c00000|  0%| F|  |TAMS 0x0000000613800000, 0x0000000613800000| Untracked 
|  74|0x0000000613c00000, 0x0000000613c00000, 0x0000000614000000|  0%| F|  |TAMS 0x0000000613c00000, 0x0000000613c00000| Untracked 
|  75|0x0000000614000000, 0x0000000614000000, 0x0000000614400000|  0%| F|  |TAMS 0x0000000614000000, 0x0000000614000000| Untracked 
|  76|0x0000000614400000, 0x0000000614400000, 0x0000000614800000|  0%| F|  |TAMS 0x0000000614400000, 0x0000000614400000| Untracked 
|  77|0x0000000614800000, 0x0000000614800000, 0x0000000614c00000|  0%| F|  |TAMS 0x0000000614800000, 0x0000000614800000| Untracked 
|  78|0x0000000614c00000, 0x0000000614c00000, 0x0000000615000000|  0%| F|  |TAMS 0x0000000614c00000, 0x0000000614c00000| Untracked 
|  79|0x0000000615000000, 0x0000000615000000, 0x0000000615400000|  0%| F|  |TAMS 0x0000000615000000, 0x0000000615000000| Untracked 
|  80|0x0000000615400000, 0x0000000615400000, 0x0000000615800000|  0%| F|  |TAMS 0x0000000615400000, 0x0000000615400000| Untracked 
|  81|0x0000000615800000, 0x0000000615800000, 0x0000000615c00000|  0%| F|  |TAMS 0x0000000615800000, 0x0000000615800000| Untracked 
|  82|0x0000000615c00000, 0x0000000615c00000, 0x0000000616000000|  0%| F|  |TAMS 0x0000000615c00000, 0x0000000615c00000| Untracked 
|  83|0x0000000616000000, 0x0000000616000000, 0x0000000616400000|  0%| F|  |TAMS 0x0000000616000000, 0x0000000616000000| Untracked 
|  84|0x0000000616400000, 0x0000000616400000, 0x0000000616800000|  0%| F|  |TAMS 0x0000000616400000, 0x0000000616400000| Untracked 
|  85|0x0000000616800000, 0x0000000616800000, 0x0000000616c00000|  0%| F|  |TAMS 0x0000000616800000, 0x0000000616800000| Untracked 
|  86|0x0000000616c00000, 0x0000000616c00000, 0x0000000617000000|  0%| F|  |TAMS 0x0000000616c00000, 0x0000000616c00000| Untracked 
|  87|0x0000000617000000, 0x0000000617000000, 0x0000000617400000|  0%| F|  |TAMS 0x0000000617000000, 0x0000000617000000| Untracked 
|  88|0x0000000617400000, 0x0000000617400000, 0x0000000617800000|  0%| F|  |TAMS 0x0000000617400000, 0x0000000617400000| Untracked 
|  89|0x0000000617800000, 0x0000000617800000, 0x0000000617c00000|  0%| F|  |TAMS 0x0000000617800000, 0x0000000617800000| Untracked 
|  90|0x0000000617c00000, 0x0000000617c00000, 0x0000000618000000|  0%| F|  |TAMS 0x0000000617c00000, 0x0000000617c00000| Untracked 
|  91|0x0000000618000000, 0x0000000618000000, 0x0000000618400000|  0%| F|  |TAMS 0x0000000618000000, 0x0000000618000000| Untracked 
|  92|0x0000000618400000, 0x0000000618400000, 0x0000000618800000|  0%| F|  |TAMS 0x0000000618400000, 0x0000000618400000| Untracked 
|  93|0x0000000618800000, 0x0000000618800000, 0x0000000618c00000|  0%| F|  |TAMS 0x0000000618800000, 0x0000000618800000| Untracked 
|  94|0x0000000618c00000, 0x0000000618c00000, 0x0000000619000000|  0%| F|  |TAMS 0x0000000618c00000, 0x0000000618c00000| Untracked 
|  95|0x0000000619000000, 0x0000000619000000, 0x0000000619400000|  0%| F|  |TAMS 0x0000000619000000, 0x0000000619000000| Untracked 
|  96|0x0000000619400000, 0x0000000619400000, 0x0000000619800000|  0%| F|  |TAMS 0x0000000619400000, 0x0000000619400000| Untracked 
|  97|0x0000000619800000, 0x0000000619800000, 0x0000000619c00000|  0%| F|  |TAMS 0x0000000619800000, 0x0000000619800000| Untracked 
|  98|0x0000000619c00000, 0x0000000619c00000, 0x000000061a000000|  0%| F|  |TAMS 0x0000000619c00000, 0x0000000619c00000| Untracked 
|  99|0x000000061a000000, 0x000000061a000000, 0x000000061a400000|  0%| F|  |TAMS 0x000000061a000000, 0x000000061a000000| Untracked 
| 100|0x000000061a400000, 0x000000061a400000, 0x000000061a800000|  0%| F|  |TAMS 0x000000061a400000, 0x000000061a400000| Untracked 
| 101|0x000000061a800000, 0x000000061a800000, 0x000000061ac00000|  0%| F|  |TAMS 0x000000061a800000, 0x000000061a800000| Untracked 
| 102|0x000000061ac00000, 0x000000061ac00000, 0x000000061b000000|  0%| F|  |TAMS 0x000000061ac00000, 0x000000061ac00000| Untracked 
| 103|0x000000061b000000, 0x000000061b000000, 0x000000061b400000|  0%| F|  |TAMS 0x000000061b000000, 0x000000061b000000| Untracked 
| 104|0x000000061b400000, 0x000000061b400000, 0x000000061b800000|  0%| F|  |TAMS 0x000000061b400000, 0x000000061b400000| Untracked 
| 105|0x000000061b800000, 0x000000061b800000, 0x000000061bc00000|  0%| F|  |TAMS 0x000000061b800000, 0x000000061b800000| Untracked 
| 106|0x000000061bc00000, 0x000000061bc00000, 0x000000061c000000|  0%| F|  |TAMS 0x000000061bc00000, 0x000000061bc00000| Untracked 
| 107|0x000000061c000000, 0x000000061c000000, 0x000000061c400000|  0%| F|  |TAMS 0x000000061c000000, 0x000000061c000000| Untracked 
| 108|0x000000061c400000, 0x000000061c400000, 0x000000061c800000|  0%| F|  |TAMS 0x000000061c400000, 0x000000061c400000| Untracked 
| 109|0x000000061c800000, 0x000000061c800000, 0x000000061cc00000|  0%| F|  |TAMS 0x000000061c800000, 0x000000061c800000| Untracked 
| 110|0x000000061cc00000, 0x000000061cc00000, 0x000000061d000000|  0%| F|  |TAMS 0x000000061cc00000, 0x000000061cc00000| Untracked 
| 111|0x000000061d000000, 0x000000061d000000, 0x000000061d400000|  0%| F|  |TAMS 0x000000061d000000, 0x000000061d000000| Untracked 
| 112|0x000000061d400000, 0x000000061d400000, 0x000000061d800000|  0%| F|  |TAMS 0x000000061d400000, 0x000000061d400000| Untracked 
| 113|0x000000061d800000, 0x000000061d800000, 0x000000061dc00000|  0%| F|  |TAMS 0x000000061d800000, 0x000000061d800000| Untracked 
| 114|0x000000061dc00000, 0x000000061dc00000, 0x000000061e000000|  0%| F|  |TAMS 0x000000061dc00000, 0x000000061dc00000| Untracked 
| 115|0x000000061e000000, 0x000000061e000000, 0x000000061e400000|  0%| F|  |TAMS 0x000000061e000000, 0x000000061e000000| Untracked 
| 116|0x000000061e400000, 0x000000061e400000, 0x000000061e800000|  0%| F|  |TAMS 0x000000061e400000, 0x000000061e400000| Untracked 
| 117|0x000000061e800000, 0x000000061e800000, 0x000000061ec00000|  0%| F|  |TAMS 0x000000061e800000, 0x000000061e800000| Untracked 
| 118|0x000000061ec00000, 0x000000061ec00000, 0x000000061f000000|  0%| F|  |TAMS 0x000000061ec00000, 0x000000061ec00000| Untracked 
| 119|0x000000061f000000, 0x000000061f000000, 0x000000061f400000|  0%| F|  |TAMS 0x000000061f000000, 0x000000061f000000| Untracked 
| 120|0x000000061f400000, 0x000000061f400000, 0x000000061f800000|  0%| F|  |TAMS 0x000000061f400000, 0x000000061f400000| Untracked 
| 121|0x000000061f800000, 0x000000061f800000, 0x000000061fc00000|  0%| F|  |TAMS 0x000000061f800000, 0x000000061f800000| Untracked 
| 122|0x000000061fc00000, 0x000000061fc00000, 0x0000000620000000|  0%| F|  |TAMS 0x000000061fc00000, 0x000000061fc00000| Untracked 
| 123|0x0000000620000000, 0x0000000620000000, 0x0000000620400000|  0%| F|  |TAMS 0x0000000620000000, 0x0000000620000000| Untracked 
| 124|0x0000000620400000, 0x0000000620400000, 0x0000000620800000|  0%| F|  |TAMS 0x0000000620400000, 0x0000000620400000| Untracked 
| 125|0x0000000620800000, 0x0000000620800000, 0x0000000620c00000|  0%| F|  |TAMS 0x0000000620800000, 0x0000000620800000| Untracked 
| 126|0x0000000620c00000, 0x0000000620e15a00, 0x0000000621000000| 52%| E|  |TAMS 0x0000000620c00000, 0x0000000620c00000| Complete 
| 127|0x0000000621000000, 0x0000000621400000, 0x0000000621400000|100%| E|CS|TAMS 0x0000000621000000, 0x0000000621000000| Complete 

Card table byte_map: [0x000001f200000000,0x000001f201000000] _byte_map_base: 0x000001f1fcff6000

Marking Bits (Prev, Next): (CMBitMap*) 0x000001f26b9d0c80, (CMBitMap*) 0x000001f26b9d0cc0
 Prev Bits: [0x000001f202000000, 0x000001f209fb0000)
 Next Bits: [0x000001f209fb0000, 0x000001f211f60000)

Polling page: 0x000001f269970000

Metaspace:

Usage:
  Non-class:      8.23 MB used.
      Class:    784.93 KB used.
       Both:      9.00 MB used.

Virtual space:
  Non-class space:       16.00 MB reserved,       8.25 MB ( 52%) committed,  2 nodes.
      Class space:        1.00 GB reserved,     832.00 KB ( <1%) committed,  1 nodes.
              Both:        1.02 GB reserved,       9.06 MB ( <1%) committed. 

Chunk freelists:
   Non-Class:  3.75 MB
       Class:  3.23 MB
        Both:  6.98 MB

MaxMetaspaceSize: 17179869184.00 GB
CompressedClassSpaceSize: 1.00 GB
 - commit_granule_bytes: 65536.
 - commit_granule_words: 8192.
 - virtual_space_node_default_size: 1048576.
 - enlarge_chunks_in_place: 1.
 - new_chunks_are_fully_committed: 0.
 - uncommit_free_chunks: 1.
 - use_allocation_guard: 0.
 - handle_deallocations: 1.


Internal statistics:

num_allocs_failed_limit: 0.
num_arena_births: 10.
num_arena_deaths: 0.
num_vsnodes_births: 3.
num_vsnodes_deaths: 0.
num_space_committed: 145.
num_space_uncommitted: 0.
num_chunks_returned_to_freelist: 0.
num_chunks_taken_from_freelist: 50.
num_chunk_merges: 0.
num_chunk_splits: 19.
num_chunks_enlarged: 12.
num_purges: 0.

CodeHeap 'non-profiled nmethods': size=120000Kb used=120Kb max_used=120Kb free=119879Kb
 bounds [0x000001f2769a0000, 0x000001f276c10000, 0x000001f27ded0000]
CodeHeap 'profiled nmethods': size=120000Kb used=545Kb max_used=545Kb free=119454Kb
 bounds [0x000001f26f470000, 0x000001f26f6e0000, 0x000001f2769a0000]
CodeHeap 'non-nmethods': size=5760Kb used=1202Kb max_used=1219Kb free=4557Kb
 bounds [0x000001f26eed0000, 0x000001f26f140000, 0x000001f26f470000]
 total_blobs=804 nmethods=397 adapters=320
 compilation: enabled
              stopped_count=0, restarted_count=0
 full_count=0

Compilation events (20 events):
Event: 559.185 Thread 0x000001f214cbf340 nmethod 391 0x000001f26f4f5110 code [0x000001f26f4f52c0, 0x000001f26f4f5578]
Event: 577.468 Thread 0x000001f214cbf340  393       3       org.eclipse.jdt.launching.internal.org.objectweb.asm.SymbolTable::add (39 bytes)
Event: 577.468 Thread 0x000001f214cbf340 nmethod 393 0x000001f26f4f5690 code [0x000001f26f4f5840, 0x000001f26f4f5bb8]
Event: 577.468 Thread 0x000001f214cbf340  394       3       org.eclipse.jdt.launching.internal.org.objectweb.asm.ClassReader::readUTF8 (23 bytes)
Event: 577.470 Thread 0x000001f214cbf340 

Event: 669.601 Thread 0x000001f214cbf340  395       3       org.eclipse.jdt.launching.internal.org.objectweb.asm.SymbolTable$Entry::<init> (17 bytes)
Event: 669.601 Thread 0x000001f214cbf340 nmethod 395 0x000001f26f4f5d10 code [0x000001f26f4f5ec0, 0x000001f26f4f6068]
Event: 669.601 Thread 0x000001f214cbf340  397       3       org.eclipse.jdt.launching.internal.org.objectweb.asm.ClassReader::readUtf (161 bytes)
Event: 669.603 Thread 0x000001f214cbf340 nmethod 397 0x000001f26f4f6110 code [0x000001f26f4f62e0, 0x000001f26f4f67a8]
Event: 669.603 Thread 0x000001f214cbf340  396       3       java.lang.String::<init> (74 bytes)
Event: 669.604 Thread 0x000001f214cbf340 nmethod 396 0x000001f26f4f6a90 code [0x000001f26f4f6c80, 0x000001f26f4f70b8]
Event: 1216.630 Thread 0x000001f214cbf340  398       3       org.eclipse.jdt.launching.internal.org.objectweb.asm.ClassReader::readUtf (44 bytes)
Event: 1216.632 Thread 0x000001f214cbf340 

Event: 1216.632 Thread 0x000001f214cbf340  400       3       org.eclipse.jdt.launching.internal.org.objectweb.asm.SymbolTable::hash (10 bytes)
Event: 1216.633 Thread 0x000001f214cbf340 nmethod 400 0x000001f26f4f7210 code [0x000001f26f4f73c0, 0x000001f26f4f7508]
Event: 1216.633 Thread 0x000001f214cbf340  399       3       org.eclipse.jdt.launching.internal.org.objectweb.asm.ClassReader::getItem (7 bytes)
Event: 1216.633 Thread 0x000001f214cbf340 nmethod 399 0x000001f26f4f7610 code [0x000001f26f4f77a0, 0x000001f26f4f78d8]
Event: 1345.496 Thread 0x000001f214cbf340  401       3       org.eclipse.jdt.launching.internal.org.objectweb.asm.SymbolTable::addConstantUtf8 (20 bytes)
Event: 1345.498 Thread 0x000001f214cbf340 nmethod 401 0x000001f26f4f7990 code [0x000001f26f4f7b60, 0x000001f26f4f7e28]
Event: 1392.807 Thread 0x000001f214cbf340  402       3       org.eclipse.jdt.launching.internal.org.objectweb.asm.ClassReader::readUtf (44 bytes)

GC Heap History (0 events):
No events

Deoptimization events (20 events):
Event: 0.308 Thread 0x000001f26b95a8b0 DEOPT PACKING pc=0x000001f26f4df0e7 sp=0x00000040d33f8410
Event: 0.308 Thread 0x000001f26b95a8b0 DEOPT UNPACKING pc=0x000001f26ef1dece sp=0x00000040d33f7878 mode 0
Event: 0.308 Thread 0x000001f26b95a8b0 DEOPT PACKING pc=0x000001f26f4df0e7 sp=0x00000040d33f8410
Event: 0.308 Thread 0x000001f26b95a8b0 DEOPT UNPACKING pc=0x000001f26ef1dece sp=0x00000040d33f7878 mode 0
Event: 0.308 Thread 0x000001f26b95a8b0 DEOPT PACKING pc=0x000001f26f4df0e7 sp=0x00000040d33f8410
Event: 0.308 Thread 0x000001f26b95a8b0 DEOPT UNPACKING pc=0x000001f26ef1dece sp=0x00000040d33f7878 mode 0
Event: 0.309 Thread 0x000001f26b95a8b0 DEOPT PACKING pc=0x000001f26f4df0e7 sp=0x00000040d33f8410
Event: 0.309 Thread 0x000001f26b95a8b0 DEOPT UNPACKING pc=0x000001f26ef1dece sp=0x00000040d33f7878 mode 0
Event: 0.309 Thread 0x000001f26b95a8b0 DEOPT PACKING pc=0x000001f26f4df0e7 sp=0x00000040d33f8410
Event: 0.309 Thread 0x000001f26b95a8b0 DEOPT UNPACKING pc=0x000001f26ef1dece sp=0x00000040d33f7878 mode 0
Event: 0.309 Thread 0x000001f26b95a8b0 DEOPT PACKING pc=0x000001f26f4df0e7 sp=0x00000040d33f8410
Event: 0.309 Thread 0x000001f26b95a8b0 DEOPT UNPACKING pc=0x000001f26ef1dece sp=0x00000040d33f7878 mode 0
Event: 0.310 Thread 0x000001f26b95a8b0 DEOPT PACKING pc=0x000001f26f4df0e7 sp=0x00000040d33fbe40
Event: 0.311 Thread 0x000001f26b95a8b0 DEOPT UNPACKING pc=0x000001f26ef1dece sp=0x00000040d33fb2a8 mode 0
Event: 0.311 Thread 0x000001f26b95a8b0 DEOPT PACKING pc=0x000001f26f4df0e7 sp=0x00000040d33fbe40
Event: 0.311 Thread 0x000001f26b95a8b0 DEOPT UNPACKING pc=0x000001f26ef1dece sp=0x00000040d33fb2a8 mode 0
Event: 0.311 Thread 0x000001f26b95a8b0 DEOPT PACKING pc=0x000001f26f4df0e7 sp=0x00000040d33fbe40
Event: 0.311 Thread 0x000001f26b95a8b0 DEOPT UNPACKING pc=0x000001f26ef1dece sp=0x00000040d33fb2a8 mode 0
Event: 0.312 Thread 0x000001f26b95a8b0 DEOPT PACKING pc=0x000001f26f4df0e7 sp=0x00000040d33f8390
Event: 0.312 Thread 0x000001f26b95a8b0 DEOPT UNPACKING pc=0x000001f26ef1dece sp=0x00000040d33f77f8 mode 0

Classes unloaded (0 events):
No events

Classes redefined (10 events):
Event: 70.650 Thread 0x000001f21415d930 redefined class name=arraylist.Q3, count=1
Event: 221.394 Thread 0x000001f21415d930 redefined class name=arraylist.Q3, count=2
Event: 377.300 Thread 0x000001f21415d930 redefined class name=arraylist.Q3, count=3
Event: 543.327 Thread 0x000001f21415d930 redefined class name=arraylist.Q3, count=4
Event: 553.513 Thread 0x000001f21415d930 redefined class name=arraylist.Q3, count=5
Event: 559.184 Thread 0x000001f21415d930 redefined class name=arraylist.Q3, count=6
Event: 577.469 Thread 0x000001f21415d930 redefined class name=arraylist.Q3, count=7
Event: 669.602 Thread 0x000001f21415d930 redefined class name=arraylist.Q3, count=8
Event: 1216.631 Thread 0x000001f21415d930 redefined class name=arraylist.Q3, count=9
Event: 1345.497 Thread 0x000001f21415d930 redefined class name=arraylist.Q3, count=10

Internal exceptions (1 events):
Event: 0.293 Thread 0x000001f26b95a8b0 Exception <a 'java/lang/NoSuchMethodError'{0x0000000620cf3818}: 'java.lang.Object java.lang.invoke.DirectMethodHandle$Holder.invokeStatic(java.lang.Object)'> (0x0000000620cf3818) 
thrown [t:\workspace\open\src\hotspot\share\interpreter\linkResolver.cpp, line 790]

Events (20 events):
Event: 543.328 Executing  VM operation: RedefineClasses done
Event: 553.513 Executing  VM operation: RedefineClasses
Event: 553.514 Executing  VM operation: RedefineClasses done
Event: 559.184 Executing  VM operation: RedefineClasses
Event: 559.185 Executing  VM operation: RedefineClasses done
Event: 577.469 Executing  VM operation: RedefineClasses
Event: 577.470 Executing  VM operation: RedefineClasses done
Event: 669.601 Executing  VM operation: RedefineClasses
Event: 669.603 Executing  VM operation: RedefineClasses done
Event: 1216.631 Executing  VM operation: RedefineClasses
Event: 1216.632 Executing  VM operation: RedefineClasses done
Event: 1220.348 Executing  VM operation: ChangeBreakpoints
Event: 1220.348 Executing  VM operation: ChangeBreakpoints done
Event: 1345.496 Executing  VM operation: RedefineClasses
Event: 1345.498 Executing  VM operation: RedefineClasses done
Event: 1345.501 Executing  VM operation: ChangeBreakpoints
Event: 1345.501 Executing  VM operation: ChangeBreakpoints done
Event: 1345.501 Executing  VM operation: ChangeBreakpoints
Event: 1345.501 Executing  VM operation: ChangeBreakpoints done
Event: 1392.807 Executing  VM operation: RedefineClasses


Dynamic libraries:
0x00007ff64d880000 - 0x00007ff64d88e000 	C:\Users\kosmo_A\.p2\pool\plugins\org.eclipse.justj.openjdk.hotspot.jre.full.win32.x86_64_16.0.1.v20210528-1205\jre\bin\javaw.exe
0x00007ffcd53f0000 - 0x00007ffcd55e5000 	C:\Windows\SYSTEM32\ntdll.dll
0x00007ffcd42f0000 - 0x00007ffcd43ad000 	C:\Windows\System32\KERNEL32.DLL
0x00007ffcd2df0000 - 0x00007ffcd30b8000 	C:\Windows\System32\KERNELBASE.dll
0x00007ffcd3330000 - 0x00007ffcd3430000 	C:\Windows\System32\ucrtbase.dll
0x00007ffcce700000 - 0x00007ffcce718000 	C:\Users\kosmo_A\.p2\pool\plugins\org.eclipse.justj.openjdk.hotspot.jre.full.win32.x86_64_16.0.1.v20210528-1205\jre\bin\jli.dll
0x00007ffcca6e0000 - 0x00007ffcca6f9000 	C:\Users\kosmo_A\.p2\pool\plugins\org.eclipse.justj.openjdk.hotspot.jre.full.win32.x86_64_16.0.1.v20210528-1205\jre\bin\VCRUNTIME140.dll
0x00007ffcd37d0000 - 0x00007ffcd3970000 	C:\Windows\System32\USER32.dll
0x00007ffcd2d60000 - 0x00007ffcd2d82000 	C:\Windows\System32\win32u.dll
0x00007ffcbc330000 - 0x00007ffcbc5ca000 	C:\Windows\WinSxS\amd64_microsoft.windows.common-controls_6595b64144ccf1df_6.0.19041.1052_none_60b8f8fd71f5e8cb\COMCTL32.dll
0x00007ffcd4730000 - 0x00007ffcd475a000 	C:\Windows\System32\GDI32.dll
0x00007ffcd4630000 - 0x00007ffcd46ce000 	C:\Windows\System32\msvcrt.dll
0x00007ffcd30c0000 - 0x00007ffcd31cb000 	C:\Windows\System32\gdi32full.dll
0x00007ffcd2bc0000 - 0x00007ffcd2c5d000 	C:\Windows\System32\msvcp_win.dll
0x00007ffcd3f70000 - 0x00007ffcd3fa0000 	C:\Windows\System32\IMM32.DLL
0x00007ffcce7f0000 - 0x00007ffcce7fc000 	C:\Users\kosmo_A\.p2\pool\plugins\org.eclipse.justj.openjdk.hotspot.jre.full.win32.x86_64_16.0.1.v20210528-1205\jre\bin\vcruntime140_1.dll
0x00007ffc9f4a0000 - 0x00007ffc9f531000 	C:\Users\kosmo_A\.p2\pool\plugins\org.eclipse.justj.openjdk.hotspot.jre.full.win32.x86_64_16.0.1.v20210528-1205\jre\bin\msvcp140.dll
0x00007ffc975c0000 - 0x00007ffc9816b000 	C:\Users\kosmo_A\.p2\pool\plugins\org.eclipse.justj.openjdk.hotspot.jre.full.win32.x86_64_16.0.1.v20210528-1205\jre\bin\server\jvm.dll
0x00007ffcd3c40000 - 0x00007ffcd3cec000 	C:\Windows\System32\ADVAPI32.dll
0x00007ffcd4760000 - 0x00007ffcd47fb000 	C:\Windows\System32\sechost.dll
0x00007ffcd4070000 - 0x00007ffcd419b000 	C:\Windows\System32\RPCRT4.dll
0x00007ffcd37c0000 - 0x00007ffcd37c8000 	C:\Windows\System32\PSAPI.DLL
0x00007ffccab70000 - 0x00007ffccab79000 	C:\Windows\SYSTEM32\WSOCK32.dll
0x00007ffcbe600000 - 0x00007ffcbe627000 	C:\Windows\SYSTEM32\WINMM.dll
0x00007ffccb910000 - 0x00007ffccb91a000 	C:\Windows\SYSTEM32\VERSION.dll
0x00007ffcd4260000 - 0x00007ffcd42cb000 	C:\Windows\System32\WS2_32.dll
0x00007ffcd0980000 - 0x00007ffcd0992000 	C:\Windows\SYSTEM32\kernel.appcore.dll
0x00007ffcbe930000 - 0x00007ffcbe93a000 	C:\Users\kosmo_A\.p2\pool\plugins\org.eclipse.justj.openjdk.hotspot.jre.full.win32.x86_64_16.0.1.v20210528-1205\jre\bin\jimage.dll
0x00007ffcbd4e0000 - 0x00007ffcbd6c4000 	C:\Windows\SYSTEM32\DBGHELP.DLL
0x00007ffcbd080000 - 0x00007ffcbd0ac000 	C:\Windows\SYSTEM32\dbgcore.DLL
0x00007ffcd2b30000 - 0x00007ffcd2bb3000 	C:\Windows\System32\bcryptPrimitives.dll
0x00007ffcca6a0000 - 0x00007ffcca6db000 	C:\Users\kosmo_A\.p2\pool\plugins\org.eclipse.justj.openjdk.hotspot.jre.full.win32.x86_64_16.0.1.v20210528-1205\jre\bin\jdwp.dll
0x00007ffcce6f0000 - 0x00007ffcce6fe000 	C:\Users\kosmo_A\.p2\pool\plugins\org.eclipse.justj.openjdk.hotspot.jre.full.win32.x86_64_16.0.1.v20210528-1205\jre\bin\instrument.dll
0x00007ffcb2260000 - 0x00007ffcb2285000 	C:\Users\kosmo_A\.p2\pool\plugins\org.eclipse.justj.openjdk.hotspot.jre.full.win32.x86_64_16.0.1.v20210528-1205\jre\bin\java.dll
0x00007ffcb31e0000 - 0x00007ffcb31f8000 	C:\Users\kosmo_A\.p2\pool\plugins\org.eclipse.justj.openjdk.hotspot.jre.full.win32.x86_64_16.0.1.v20210528-1205\jre\bin\zip.dll
0x00007ffcd4c70000 - 0x00007ffcd53af000 	C:\Windows\System32\SHELL32.dll
0x00007ffcd0c60000 - 0x00007ffcd13f0000 	C:\Windows\SYSTEM32\windows.storage.dll
0x00007ffcd3460000 - 0x00007ffcd37b5000 	C:\Windows\System32\combase.dll
0x00007ffcd24d0000 - 0x00007ffcd24fc000 	C:\Windows\SYSTEM32\Wldp.dll
0x00007ffcd43b0000 - 0x00007ffcd445e000 	C:\Windows\System32\SHCORE.dll
0x00007ffcd46d0000 - 0x00007ffcd4725000 	C:\Windows\System32\shlwapi.dll
0x00007ffcd2a70000 - 0x00007ffcd2a8f000 	C:\Windows\SYSTEM32\profapi.dll
0x00007ffcc8790000 - 0x00007ffcc879c000 	C:\Users\kosmo_A\.p2\pool\plugins\org.eclipse.justj.openjdk.hotspot.jre.full.win32.x86_64_16.0.1.v20210528-1205\jre\bin\dt_socket.dll
0x00007ffcd1ef0000 - 0x00007ffcd1f2b000 	C:\Windows\SYSTEM32\IPHLPAPI.DLL
0x00007ffcd2240000 - 0x00007ffcd22aa000 	C:\Windows\system32\mswsock.dll
0x00007ffcd1f90000 - 0x00007ffcd205c000 	C:\Windows\SYSTEM32\DNSAPI.dll
0x00007ffcd4460000 - 0x00007ffcd4468000 	C:\Windows\System32\NSI.dll
0x00007ffccb880000 - 0x00007ffccb88a000 	C:\Windows\System32\rasadhlp.dll
0x00007ffccc880000 - 0x00007ffccc8ff000 	C:\Windows\System32\fwpuclnt.dll
0x00007ffcd3430000 - 0x00007ffcd3457000 	C:\Windows\System32\bcrypt.dll
0x00007ffcb1be0000 - 0x00007ffcb1bf9000 	C:\Users\kosmo_A\.p2\pool\plugins\org.eclipse.justj.openjdk.hotspot.jre.full.win32.x86_64_16.0.1.v20210528-1205\jre\bin\net.dll
0x00007ffcccfe0000 - 0x00007ffccd0eb000 	C:\Windows\SYSTEM32\WINHTTP.dll
0x00007ffcb0860000 - 0x00007ffcb0873000 	C:\Users\kosmo_A\.p2\pool\plugins\org.eclipse.justj.openjdk.hotspot.jre.full.win32.x86_64_16.0.1.v20210528-1205\jre\bin\nio.dll
0x00007ffcbd460000 - 0x00007ffcbd470000 	C:\Users\kosmo_A\.p2\pool\plugins\org.eclipse.justj.openjdk.hotspot.jre.full.win32.x86_64_16.0.1.v20210528-1205\jre\bin\verify.dll

dbghelp: loaded successfully - version: 4.0.5 - missing functions: none
symbol engine: initialized successfully - sym options: 0x614 - pdb path: .;C:\Users\kosmo_A\.p2\pool\plugins\org.eclipse.justj.openjdk.hotspot.jre.full.win32.x86_64_16.0.1.v20210528-1205\jre\bin;C:\Windows\SYSTEM32;C:\Windows\WinSxS\amd64_microsoft.windows.common-controls_6595b64144ccf1df_6.0.19041.1052_none_60b8f8fd71f5e8cb;C:\Users\kosmo_A\.p2\pool\plugins\org.eclipse.justj.openjdk.hotspot.jre.full.win32.x86_64_16.0.1.v20210528-1205\jre\bin\server

VM Arguments:
jvm_args: -XX:+ShowCodeDetailsInExceptionMessages -agentlib:jdwp=transport=dt_socket,suspend=y,address=localhost:54000 -javaagent:C:\Users\kosmo_A\eclipse\java-2020-12\eclipse\configuration\org.eclipse.osgi\589\0\.cp\lib\javaagent-shaded.jar -Dfile.encoding=MS949 
java_command: arraylist.Q3
java_class_path (initial): C:\eclipse-workspace\chapter07\bin
Launcher Type: SUN_STANDARD

[Global flags]
     intx CICompilerCount                          = 4                                         {product} {ergonomic}
     uint ConcGCThreads                            = 3                                         {product} {ergonomic}
     uint G1ConcRefinementThreads                  = 10                                        {product} {ergonomic}
   size_t G1HeapRegionSize                         = 4194304                                   {product} {ergonomic}
    uintx GCDrainStackTargetSize                   = 64                                        {product} {ergonomic}
   size_t InitialHeapSize                          = 536870912                                 {product} {ergonomic}
   size_t MarkStackSize                            = 4194304                                   {product} {ergonomic}
   size_t MaxHeapSize                              = 8568963072                                {product} {ergonomic}
   size_t MaxNewSize                               = 5138022400                                {product} {ergonomic}
   size_t MinHeapDeltaBytes                        = 4194304                                   {product} {ergonomic}
   size_t MinHeapSize                              = 8388608                                   {product} {ergonomic}
    uintx NonNMethodCodeHeapSize                   = 5839372                                {pd product} {ergonomic}
    uintx NonProfiledCodeHeapSize                  = 122909434                              {pd product} {ergonomic}
    uintx ProfiledCodeHeapSize                     = 122909434                              {pd product} {ergonomic}
    uintx ReservedCodeCacheSize                    = 251658240                              {pd product} {ergonomic}
     bool SegmentedCodeCache                       = true                                      {product} {ergonomic}
     bool ShowCodeDetailsInExceptionMessages       = true                                   {manageable} {command line}
   size_t SoftMaxHeapSize                          = 8568963072                             {manageable} {ergonomic}
     bool UseCompressedClassPointers               = true                           {product lp64_product} {ergonomic}
     bool UseCompressedOops                        = true                           {product lp64_product} {ergonomic}
     bool UseG1GC                                  = true                                      {product} {ergonomic}
     bool UseLargePagesIndividualAllocation        = false                                  {pd product} {ergonomic}

Logging:
Log output configuration:
 #0: stdout all=warning uptime,level,tags
 #1: stderr all=off uptime,level,tags

Environment Variables:
JAVA_HOME=C:\Program Files\Java\jdk1.8.0_291
PATH=C:\Users\kosmo_A\.p2\pool\plugins\org.eclipse.justj.openjdk.hotspot.jre.full.win32.x86_64_16.0.1.v20210528-1205\jre\bin;C:/Users/kosmo_A/.p2/pool/plugins/org.eclipse.justj.openjdk.hotspot.jre.full.win32.x86_64_16.0.1.v20210528-1205/jre/bin/server;C:/Users/kosmo_A/.p2/pool/plugins/org.eclipse.justj.openjdk.hotspot.jre.full.win32.x86_64_16.0.1.v20210528-1205/jre/bin;C:\Program Files (x86)\Common Files\Oracle\Java\javapath;C:\Windows\system32;C:\Windows;C:\Windows\System32\Wbem;C:\Windows\System32\WindowsPowerShell\v1.0\;C:\Windows\System32\OpenSSH\;C:\Program Files\Java\jdk1.8.0_291\bin;C:\Users\kosmo_A\AppData\Local\Microsoft\WindowsApps;;C:\Users\kosmo_A\eclipse\java-2020-12\eclipse;
USERNAME=kosmo_A
OS=Windows_NT
PROCESSOR_IDENTIFIER=Intel64 Family 6 Model 165 Stepping 3, GenuineIntel



---------------  S Y S T E M  ---------------

OS:
 Windows 10 , 64 bit Build 19041 (10.0.19041.1023)
OS uptime: 2 days 5:08 hours
Hyper-V role detected

CPU: total 12 (initial active 12) (6 cores per cpu, 2 threads per core) family 6 model 165 stepping 3 microcode 0xe0, cx8, cmov, fxsr, ht, mmx, 3dnowpref, sse, sse2, sse3, ssse3, sse4.1, sse4.2, popcnt, lzcnt, tsc, tscinvbit, avx, avx2, aes, erms, clmul, bmi1, bmi2, adx, fma, vzeroupper, clflush, clflushopt, hv

Memory: 4k page, system-wide physical 32681M (25993M free)
TotalPageFile size 37545M (AvailPageFile size 23068M)
current process WorkingSet (physical memory assigned to process): 46M, peak: 47M
current process commit charge ("private bytes"): 614M, peak: 615M

vm_info: OpenJDK 64-Bit Server VM (16.0.1+9-24) for windows-amd64 JRE (16.0.1+9-24), built on Mar 26 2021 19:30:07 by "mach5one" with MS VC++ 16.7 (VS2019)

END.
